Invalid HTTP_HOST header: 'api.ngoaingutreviet.com'. You may need to add 'api.ngoaingutreviet.com' to ALLOWED_HOSTS.
Invalid HTTP_HOST header: 'api.ngoaingutreviet.com'. You may need to add 'api.ngoaingutreviet.com' to ALLOWED_HOSTS.
Bad Request: /robots.txt
Bad Request: /
Invalid HTTP_HOST header: 'api.ngoaingutreviet.com'. You may need to add 'api.ngoaingutreviet.com' to ALLOWED_HOSTS.
Bad Request: /favicon.ico
Invalid HTTP_HOST header: 'api.ngoaingutreviet.com'. You may need to add 'api.ngoaingutreviet.com' to ALLOWED_HOSTS.
Bad Request: /
Invalid HTTP_HOST header: 'api.ngoaingutreviet.com'. You may need to add 'api.ngoaingutreviet.com' to ALLOWED_HOSTS.
Bad Request: /favicon.ico
Invalid HTTP_HOST header: 'api.ngoaingutreviet.com'. You may need to add 'api.ngoaingutreviet.com' to ALLOWED_HOSTS.
Bad Request: /
Invalid HTTP_HOST header: 'api.ngoaingutreviet.com'. You may need to add 'api.ngoaingutreviet.com' to ALLOWED_HOSTS.
Bad Request: /favicon.ico
Invalid HTTP_HOST header: 'api.ngoaingutreviet.com'. You may need to add 'api.ngoaingutreviet.com' to ALLOWED_HOSTS.
Bad Request: /
Invalid HTTP_HOST header: 'api.ngoaingutreviet.com'. You may need to add 'api.ngoaingutreviet.com' to ALLOWED_HOSTS.
Bad Request: /favicon.ico
Invalid HTTP_HOST header: 'api.ngoaingutreviet.com'. You may need to add 'api.ngoaingutreviet.com' to ALLOWED_HOSTS.
Bad Request: /
Invalid HTTP_HOST header: 'api.ngoaingutreviet.com'. You may need to add 'api.ngoaingutreviet.com' to ALLOWED_HOSTS.
Bad Request: /favicon.ico
Invalid HTTP_HOST header: 'api.ngoaingutreviet.com'. You may need to add 'api.ngoaingutreviet.com' to ALLOWED_HOSTS.
Bad Request: /
Invalid HTTP_HOST header: 'api.ngoaingutreviet.com'. You may need to add 'api.ngoaingutreviet.com' to ALLOWED_HOSTS.
Bad Request: /favicon.ico
Invalid HTTP_HOST header: 'api.ngoaingutreviet.com'. You may need to add 'api.ngoaingutreviet.com' to ALLOWED_HOSTS.
Bad Request: /
Invalid HTTP_HOST header: 'api.ngoaingutreviet.com'. You may need to add 'api.ngoaingutreviet.com' to ALLOWED_HOSTS.
Bad Request: /favicon.ico
Invalid HTTP_HOST header: 'api.ngoaingutreviet.com'. You may need to add 'api.ngoaingutreviet.com' to ALLOWED_HOSTS.
Bad Request: /
Invalid HTTP_HOST header: 'api.ngoaingutreviet.com'. You may need to add 'api.ngoaingutreviet.com' to ALLOWED_HOSTS.
Bad Request: /favicon.ico
Invalid HTTP_HOST header: 'api.ngoaingutreviet.com'. You may need to add 'api.ngoaingutreviet.com' to ALLOWED_HOSTS.
Bad Request: /
Invalid HTTP_HOST header: 'api.ngoaingutreviet.com'. You may need to add 'api.ngoaingutreviet.com' to ALLOWED_HOSTS.
Bad Request: /favicon.ico
Invalid HTTP_HOST header: 'api.ngoaingutreviet.com'. You may need to add 'api.ngoaingutreviet.com' to ALLOWED_HOSTS.
Bad Request: /api/
Invalid HTTP_HOST header: 'api.ngoaingutreviet.com'. You may need to add 'api.ngoaingutreviet.com' to ALLOWED_HOSTS.
Bad Request: /favicon.ico
Invalid HTTP_HOST header: 'api.ngoaingutreviet.com'. You may need to add 'api.ngoaingutreviet.com' to ALLOWED_HOSTS.
Bad Request: /
Invalid HTTP_HOST header: 'api.ngoaingutreviet.com'. You may need to add 'api.ngoaingutreviet.com' to ALLOWED_HOSTS.
Bad Request: /favicon.ico
Invalid HTTP_HOST header: 'api.ngoaingutreviet.com'. You may need to add 'api.ngoaingutreviet.com' to ALLOWED_HOSTS.
Bad Request: /
Invalid HTTP_HOST header: 'api.ngoaingutreviet.com'. You may need to add 'api.ngoaingutreviet.com' to ALLOWED_HOSTS.
Bad Request: /favicon.ico
Invalid HTTP_HOST header: 'api.ngoaingutreviet.com'. You may need to add 'api.ngoaingutreviet.com' to ALLOWED_HOSTS.
Bad Request: /
Invalid HTTP_HOST header: 'api.ngoaingutreviet.com'. You may need to add 'api.ngoaingutreviet.com' to ALLOWED_HOSTS.
Bad Request: /favicon.ico
Invalid HTTP_HOST header: 'api.ngoaingutreviet.com'. You may need to add 'api.ngoaingutreviet.com' to ALLOWED_HOSTS.
Bad Request: /
Invalid HTTP_HOST header: 'api.ngoaingutreviet.com'. You may need to add 'api.ngoaingutreviet.com' to ALLOWED_HOSTS.
Bad Request: /favicon.ico
Invalid HTTP_HOST header: 'api.ngoaingutreviet.com'. You may need to add 'api.ngoaingutreviet.com' to ALLOWED_HOSTS.
Bad Request: /
Invalid HTTP_HOST header: 'api.ngoaingutreviet.com'. You may need to add 'api.ngoaingutreviet.com' to ALLOWED_HOSTS.
Bad Request: /favicon.ico
Invalid HTTP_HOST header: 'api.ngoaingutreviet.com'. You may need to add 'api.ngoaingutreviet.com' to ALLOWED_HOSTS.
Bad Request: /
Invalid HTTP_HOST header: 'api.ngoaingutreviet.com'. You may need to add 'api.ngoaingutreviet.com' to ALLOWED_HOSTS.
Bad Request: /favicon.ico
Invalid HTTP_HOST header: 'api.ngoaingutreviet.com'. You may need to add 'api.ngoaingutreviet.com' to ALLOWED_HOSTS.
Bad Request: /
Invalid HTTP_HOST header: 'api.ngoaingutreviet.com'. You may need to add 'api.ngoaingutreviet.com' to ALLOWED_HOSTS.
Bad Request: /
Invalid HTTP_HOST header: 'api.ngoaingutreviet.com'. You may need to add 'api.ngoaingutreviet.com' to ALLOWED_HOSTS.
Bad Request: /favicon.ico
Not Found: /
Not Found: /favicon.ico
[UID:1308][78862] Child process with pid: 78893 was killed by signal: 15, core dump: 0
Traceback (most recent call last):
  File "/home/ngoaing9/virtualenv/api/3.7/lib/python3.7/site-packages/environ/environ.py", line 367, in get_value
    value = self.ENVIRON[var]
  File "/home/ngoaing9/virtualenv/api/3.7/lib64/python3.7/os.py", line 681, in __getitem__
    raise KeyError(key) from None
KeyError: 'MYBOARD_DEBUG'

During handling of the above exception, another exception occurred:

Traceback (most recent call last):
  File "/home/ngoaing9/api/passenger_wsgi.py", line 1, in <module>
    from myBoard.wsgi import application
  File "/home/ngoaing9/api/myBoard/wsgi.py", line 16, in <module>
    application = get_wsgi_application()
  File "/home/ngoaing9/virtualenv/api/3.7/lib/python3.7/site-packages/django/core/wsgi.py", line 12, in get_wsgi_application
    django.setup(set_prefix=False)
  File "/home/ngoaing9/virtualenv/api/3.7/lib/python3.7/site-packages/django/__init__.py", line 19, in setup
    configure_logging(settings.LOGGING_CONFIG, settings.LOGGING)
  File "/home/ngoaing9/virtualenv/api/3.7/lib/python3.7/site-packages/django/conf/__init__.py", line 82, in __getattr__
    self._setup(name)
  File "/home/ngoaing9/virtualenv/api/3.7/lib/python3.7/site-packages/django/conf/__init__.py", line 69, in _setup
    self._wrapped = Settings(settings_module)
  File "/home/ngoaing9/virtualenv/api/3.7/lib/python3.7/site-packages/django/conf/__init__.py", line 170, in __init__
    mod = importlib.import_module(self.SETTINGS_MODULE)
  File "/home/ngoaing9/virtualenv/api/3.7/lib64/python3.7/importlib/__init__.py", line 127, in import_module
    return _bootstrap._gcd_import(name[level:], package, level)
  File "/home/ngoaing9/api/myBoard/settings.py", line 30, in <module>
    DEBUG = env.bool("MYBOARD_DEBUG")
  File "/home/ngoaing9/virtualenv/api/3.7/lib/python3.7/site-packages/environ/environ.py", line 215, in bool
    return self.get_value(var, cast=bool, default=default)
  File "/home/ngoaing9/virtualenv/api/3.7/lib/python3.7/site-packages/environ/environ.py", line 371, in get_value
    raise ImproperlyConfigured(error_msg)
django.core.exceptions.ImproperlyConfigured: Set the MYBOARD_DEBUG environment variable
[UID:1308][83347] Child process with pid: 83386 was killed by signal: 15, core dump: 0
[UID:1308][83347] Child process with pid: 83569 was killed by signal: 15, core dump: 0
[UID:1308][83347] Child process with pid: 85808 was killed by signal: 15, core dump: 0
[UID:1308][83347] Child process with pid: 91398 was killed by signal: 15, core dump: 0
[UID:1308][83347] Child process with pid: 91436 was killed by signal: 15, core dump: 0
[UID:1308][83347] Child process with pid: 91486 was killed by signal: 15, core dump: 0
Traceback (most recent call last):
  File "/home/ngoaing9/api/passenger_wsgi.py", line 1, in <module>
    from myBoard.wsgi import application
  File "/home/ngoaing9/api/myBoard/wsgi.py", line 16, in <module>
    application = get_wsgi_application()
  File "/home/ngoaing9/virtualenv/api/3.7/lib/python3.7/site-packages/django/core/wsgi.py", line 12, in get_wsgi_application
    django.setup(set_prefix=False)
  File "/home/ngoaing9/virtualenv/api/3.7/lib/python3.7/site-packages/django/__init__.py", line 19, in setup
    configure_logging(settings.LOGGING_CONFIG, settings.LOGGING)
  File "/home/ngoaing9/virtualenv/api/3.7/lib/python3.7/site-packages/django/conf/__init__.py", line 82, in __getattr__
    self._setup(name)
  File "/home/ngoaing9/virtualenv/api/3.7/lib/python3.7/site-packages/django/conf/__init__.py", line 69, in _setup
    self._wrapped = Settings(settings_module)
  File "/home/ngoaing9/virtualenv/api/3.7/lib/python3.7/site-packages/django/conf/__init__.py", line 170, in __init__
    mod = importlib.import_module(self.SETTINGS_MODULE)
  File "/home/ngoaing9/virtualenv/api/3.7/lib64/python3.7/importlib/__init__.py", line 127, in import_module
    return _bootstrap._gcd_import(name[level:], package, level)
  File "/home/ngoaing9/api/myBoard/settings.py", line 17, in <module>
    environ.Env.read_env(os.path.join(BASE_DIR, '.env'))
NameError: name 'os' is not defined
[UID:1308][91741] Child process with pid: 91761 was killed by signal: 15, core dump: 0
Traceback (most recent call last):
  File "/home/ngoaing9/api/passenger_wsgi.py", line 1, in <module>
    from myBoard.wsgi import application
  File "/home/ngoaing9/api/myBoard/wsgi.py", line 16, in <module>
    application = get_wsgi_application()
  File "/home/ngoaing9/virtualenv/api/3.7/lib/python3.7/site-packages/django/core/wsgi.py", line 12, in get_wsgi_application
    django.setup(set_prefix=False)
  File "/home/ngoaing9/virtualenv/api/3.7/lib/python3.7/site-packages/django/__init__.py", line 19, in setup
    configure_logging(settings.LOGGING_CONFIG, settings.LOGGING)
  File "/home/ngoaing9/virtualenv/api/3.7/lib/python3.7/site-packages/django/conf/__init__.py", line 82, in __getattr__
    self._setup(name)
  File "/home/ngoaing9/virtualenv/api/3.7/lib/python3.7/site-packages/django/conf/__init__.py", line 69, in _setup
    self._wrapped = Settings(settings_module)
  File "/home/ngoaing9/virtualenv/api/3.7/lib/python3.7/site-packages/django/conf/__init__.py", line 170, in __init__
    mod = importlib.import_module(self.SETTINGS_MODULE)
  File "/home/ngoaing9/virtualenv/api/3.7/lib64/python3.7/importlib/__init__.py", line 127, in import_module
    return _bootstrap._gcd_import(name[level:], package, level)
  File "/home/ngoaing9/api/myBoard/settings.py", line 17, in <module>
    environ.Env.read_env(os.path.join(BASE_DIR, '.env'))
NameError: name 'os' is not defined
